# JRE version: Java(TM) SE Runtime Environment (8.0_251-b08) (build 1.8.0_251-b08)
# Java VM: Java HotSpot(TM) 64-Bit Server VM (25.251-b08 mixed mode windows-amd64 compressed oops)
Heap:
 PSYoungGen      total 290304K, used 86016K [0x00000000d8600000, 0x00000000ebf00000, 0x0000000100000000)
  eden space 288768K, 29% used [0x00000000d8600000,0x00000000dda00208,0x00000000ea000000)
  from space 1536K, 0% used [0x00000000ea980000,0x00000000ea980000,0x00000000eab00000)
  to   space 15872K, 0% used [0x00000000eaf80000,0x00000000eaf80000,0x00000000ebf00000)
 ParOldGen       total 68096K, used 21305K [0x0000000089200000, 0x000000008d480000, 0x00000000d8600000)
  object space 68096K, 31% used [0x0000000089200000,0x000000008a6ce7f0,0x000000008d480000)
 Metaspace       used 40970K, capacity 44988K, committed 45096K, reserved 1087488K
  class space    used 5692K, capacity 6379K, committed 6440K, reserved 1048576K
GC Heap History (10 events):
Event: 3.251 GC heap before
{Heap before GC invocations=10 (full 1):
 PSYoungGen      total 222720K, used 46232K [0x00000000d8600000, 0x00000000e6e00000, 0x0000000100000000)
  eden space 212480K, 16% used [0x00000000d8600000,0x00000000da928538,0x00000000e5580000)
  from space 10240K, 99% used [0x00000000e6400000,0x00000000e6dfdbb8,0x00000000e6e00000)
  to   space 12288K, 0% used [0x00000000e5600000,0x00000000e5600000,0x00000000e6200000)
 ParOldGen       total 45568K, used 9266K [0x0000000089200000, 0x000000008be80000, 0x00000000d8600000)
  object space 45568K, 20% used [0x0000000089200000,0x0000000089b0c9a0,0x000000008be80000)
 Metaspace       used 32899K, capacity 35394K, committed 35496K, reserved 1079296K
  class space    used 4503K, capacity 4943K, committed 5032K, reserved 1048576K
Event: 3.259 GC heap after
Heap after GC invocations=10 (full 1):
 PSYoungGen      total 225280K, used 10468K [0x00000000d8600000, 0x00000000ec780000, 0x0000000100000000)
  eden space 212992K, 0% used [0x00000000d8600000,0x00000000d8600000,0x00000000e5600000)
  from space 12288K, 85% used [0x00000000e5600000,0x00000000e6039170,0x00000000e6200000)
  to   space 13312K, 0% used [0x00000000eba80000,0x00000000eba80000,0x00000000ec780000)
 ParOldGen       total 45568K, used 9274K [0x0000000089200000, 0x000000008be80000, 0x00000000d8600000)
  object space 45568K, 20% used [0x0000000089200000,0x0000000089b0e9a0,0x000000008be80000)
 Metaspace       used 32899K, capacity 35394K, committed 35496K, reserved 1079296K
  class space    used 4503K, capacity 4943K, committed 5032K, reserved 1048576K
}
Event: 3.259 GC heap before
{Heap before GC invocations=11 (full 2):
 PSYoungGen      total 225280K, used 10468K [0x00000000d8600000, 0x00000000ec780000, 0x0000000100000000)
  eden space 212992K, 0% used [0x00000000d8600000,0x00000000d8600000,0x00000000e5600000)
  from space 12288K, 85% used [0x00000000e5600000,0x00000000e6039170,0x00000000e6200000)
  to   space 13312K, 0% used [0x00000000eba80000,0x00000000eba80000,0x00000000ec780000)
 ParOldGen       total 45568K, used 9274K [0x0000000089200000, 0x000000008be80000, 0x00000000d8600000)
  object space 45568K, 20% used [0x0000000089200000,0x0000000089b0e9a0,0x000000008be80000)
 Metaspace       used 32899K, capacity 35394K, committed 35496K, reserved 1079296K
  class space    used 4503K, capacity 4943K, committed 5032K, reserved 1048576K
Event: 3.321 GC heap after
Heap after GC invocations=11 (full 2):
 PSYoungGen      total 225280K, used 0K [0x00000000d8600000, 0x00000000ec780000, 0x0000000100000000)
  eden space 212992K, 0% used [0x00000000d8600000,0x00000000d8600000,0x00000000e5600000)
  from space 12288K, 0% used [0x00000000e5600000,0x00000000e5600000,0x00000000e6200000)
  to   space 13312K, 0% used [0x00000000eba80000,0x00000000eba80000,0x00000000ec780000)
 ParOldGen       total 68096K, used 15179K [0x0000000089200000, 0x000000008d480000, 0x00000000d8600000)
  object space 68096K, 22% used [0x0000000089200000,0x000000008a0d2f88,0x000000008d480000)
 Metaspace       used 32899K, capacity 35394K, committed 35496K, reserved 1079296K
  class space    used 4503K, capacity 4943K, committed 5032K, reserved 1048576K
}
Event: 32.015 GC heap before
{Heap before GC invocations=12 (full 2):
 PSYoungGen      total 225280K, used 212992K [0x00000000d8600000, 0x00000000ec780000, 0x0000000100000000)
  eden space 212992K, 100% used [0x00000000d8600000,0x00000000e5600000,0x00000000e5600000)
  from space 12288K, 0% used [0x00000000e5600000,0x00000000e5600000,0x00000000e6200000)
  to   space 13312K, 0% used [0x00000000eba80000,0x00000000eba80000,0x00000000ec780000)
 ParOldGen       total 68096K, used 15179K [0x0000000089200000, 0x000000008d480000, 0x00000000d8600000)
  object space 68096K, 22% used [0x0000000089200000,0x000000008a0d2f88,0x000000008d480000)
 Metaspace       used 39854K, capacity 43648K, committed 43816K, reserved 1087488K
  class space    used 5538K, capacity 6172K, committed 6184K, reserved 1048576K
Event: 32.039 GC heap after
Heap after GC invocations=12 (full 2):
 PSYoungGen      total 302080K, used 13294K [0x00000000d8600000, 0x00000000ec780000, 0x0000000100000000)
  eden space 288768K, 0% used [0x00000000d8600000,0x00000000d8600000,0x00000000ea000000)
  from space 13312K, 99% used [0x00000000eba80000,0x00000000ec77bb78,0x00000000ec780000)
  to   space 15360K, 0% used [0x00000000ea980000,0x00000000ea980000,0x00000000eb880000)
 ParOldGen       total 68096K, used 16145K [0x0000000089200000, 0x000000008d480000, 0x00000000d8600000)
  object space 68096K, 23% used [0x0000000089200000,0x000000008a1c47c0,0x000000008d480000)
 Metaspace       used 39854K, capacity 43648K, committed 43816K, reserved 1087488K
  class space    used 5538K, capacity 6172K, committed 6184K, reserved 1048576K
}
Event: 66.200 GC heap before
{Heap before GC invocations=13 (full 2):
 PSYoungGen      total 302080K, used 58418K [0x00000000d8600000, 0x00000000ec780000, 0x0000000100000000)
  eden space 288768K, 15% used [0x00000000d8600000,0x00000000db210d48,0x00000000ea000000)
  from space 13312K, 99% used [0x00000000eba80000,0x00000000ec77bb78,0x00000000ec780000)
  to   space 15360K, 0% used [0x00000000ea980000,0x00000000ea980000,0x00000000eb880000)
 ParOldGen       total 68096K, used 16145K [0x0000000089200000, 0x000000008d480000, 0x00000000d8600000)
  object space 68096K, 23% used [0x0000000089200000,0x000000008a1c47c0,0x000000008d480000)
 Metaspace       used 40815K, capacity 44730K, committed 45096K, reserved 1087488K
  class space    used 5676K, capacity 6328K, committed 6440K, reserved 1048576K
Event: 66.207 GC heap after
Heap after GC invocations=13 (full 2):
 PSYoungGen      total 290304K, used 1032K [0x00000000d8600000, 0x00000000ebf00000, 0x0000000100000000)
  eden space 288768K, 0% used [0x00000000d8600000,0x00000000d8600000,0x00000000ea000000)
  from space 1536K, 67% used [0x00000000ea980000,0x00000000eaa822b8,0x00000000eab00000)
  to   space 15872K, 0% used [0x00000000eaf80000,0x00000000eaf80000,0x00000000ebf00000)
 ParOldGen       total 68096K, used 24429K [0x0000000089200000, 0x000000008d480000, 0x00000000d8600000)
  object space 68096K, 35% used [0x0000000089200000,0x000000008a9db7e0,0x000000008d480000)
 Metaspace       used 40815K, capacity 44730K, committed 45096K, reserved 1087488K
  class space    used 5676K, capacity 6328K, committed 6440K, reserved 1048576K
}
Event: 66.207 GC heap before
{Heap before GC invocations=14 (full 3):
 PSYoungGen      total 290304K, used 1032K [0x00000000d8600000, 0x00000000ebf00000, 0x0000000100000000)
  eden space 288768K, 0% used [0x00000000d8600000,0x00000000d8600000,0x00000000ea000000)
  from space 1536K, 67% used [0x00000000ea980000,0x00000000eaa822b8,0x00000000eab00000)
  to   space 15872K, 0% used [0x00000000eaf80000,0x00000000eaf80000,0x00000000ebf00000)
 ParOldGen       total 68096K, used 24429K [0x0000000089200000, 0x000000008d480000, 0x00000000d8600000)
  object space 68096K, 35% used [0x0000000089200000,0x000000008a9db7e0,0x000000008d480000)
 Metaspace       used 40815K, capacity 44730K, committed 45096K, reserved 1087488K
  class space    used 5676K, capacity 6328K, committed 6440K, reserved 1048576K
Event: 66.356 GC heap after
Heap after GC invocations=14 (full 3):
 PSYoungGen      total 290304K, used 0K [0x00000000d8600000, 0x00000000ebf00000, 0x0000000100000000)
  eden space 288768K, 0% used [0x00000000d8600000,0x00000000d8600000,0x00000000ea000000)
  from space 1536K, 0% used [0x00000000ea980000,0x00000000ea980000,0x00000000eab00000)
  to   space 15872K, 0% used [0x00000000eaf80000,0x00000000eaf80000,0x00000000ebf00000)
 ParOldGen       total 68096K, used 21305K [0x0000000089200000, 0x000000008d480000, 0x00000000d8600000)
  object space 68096K, 31% used [0x0000000089200000,0x000000008a6ce7f0,0x000000008d480000)
 Metaspace       used 40815K, capacity 44730K, committed 45096K, reserved 1087488K
  class space    used 5676K, capacity 6328K, committed 6440K, reserved 1048576K
}

